Grammar

    0 $accept: snazzle $end

    1 snazzle: snazzle NUM
    2        | snazzle IDENT
    3        | NUM
    4        | IDENT


Terminals, with rules where they appear

$end (0) 0
error (256)
NUM (258) 1 3
IDENT (259) 2 4


Nonterminals, with rules where they appear

$accept (5)
    on left: 0
snazzle (6)
    on left: 1 2 3 4, on right: 0 1 2


State 0

    0 $accept: . snazzle $end

    NUM    shift, and go to state 1
    IDENT  shift, and go to state 2

    snazzle  go to state 3


State 1

    3 snazzle: NUM .

    $default  reduce using rule 3 (snazzle)


State 2

    4 snazzle: IDENT .

    $default  reduce using rule 4 (snazzle)


State 3

    0 $accept: snazzle . $end
    1 snazzle: snazzle . NUM
    2        | snazzle . IDENT

    $end   shift, and go to state 4
    NUM    shift, and go to state 5
    IDENT  shift, and go to state 6


State 4

    0 $accept: snazzle $end .

    $default  accept


State 5

    1 snazzle: snazzle NUM .

    $default  reduce using rule 1 (snazzle)


State 6

    2 snazzle: snazzle IDENT .

    $default  reduce using rule 2 (snazzle)
